<?xml version="1.0" encoding="UTF-8"?>
<testng-results ignored="0" total="0" passed="0" failed="0" skipped="0">
  <reporter-output>
  </reporter-output>
  <suite started-at="2019-06-16T11:46:05Z" name="POMdemo.POMdemo.AppTest" finished-at="2019-06-16T11:46:05Z" duration-ms="5">
    <groups>
    </groups>
    <test started-at="2019-06-16T11:46:05Z" name="Command line test" finished-at="2019-06-16T11:46:05Z" duration-ms="5">
    </test> <!-- Command line test -->
  </suite> <!-- POMdemo.POMdemo.AppTest -->
</testng-results>
